#
# A fatal error has been detected by the Java Runtime Environment:
#
#  EXCEPTION_ACCESS_VIOLATION (0xc0000005) at pc=0x00007ffe01d146a0, pid=20204, tid=31624
#
# JRE version: Java(TM) SE Runtime Environment 18.9 (11.0.10+8) (build 11.0.10+8-LTS-162)
# Java VM: Java HotSpot(TM) 64-Bit Server VM 18.9 (11.0.10+8-LTS-162, mixed mode, tiered, compressed oops, g1 gc, windows-amd64)
# Problematic frame:
# V  [jvm.dll+0x2b46a0]
#
# No core dump will be written. Minidumps are not enabled by default on client versions of Windows
#
# If you would like to submit a bug report, please visit:
#   https://bugreport.java.com/bugreport/crash.jsp
#

---------------  S U M M A R Y ------------

Command Line: -Dmaven.home=C:/Users/sinaf/challenges -Dmaven.multiModuleProjectDirectory=C:/Users/sinaf/challenges/java-starship-spring-marathon org.apache.maven.wrapper.MavenWrapperMain spring-boot:run

Host: Intel(R) Core(TM) i3-1005G1 CPU @ 1.20GHz, 4 cores, 7G,  Windows 10 , 64 bit Build 19041 (10.0.19041.928)
Time: Wed May  5 09:11:01 2021 Pacific Daylight Time elapsed time: 7.764049 seconds (0d 0h 0m 7s)

---------------  T H R E A D  ---------------

Current thread (0x000002c059a7b800):  JavaThread "C2 CompilerThread0" daemon [_thread_in_native, id=31624, stack(0x000000f39fc00000,0x000000f39fd00000)]


Current CompileTask:
C2:   7764 5418       4       com.sun.tools.javac.code.Symtab::lookupPackage (243 bytes)

Stack: [0x000000f39fc00000,0x000000f39fd00000],  sp=0x000000f39fcfa400,  free space=1001k
Native frames: (J=compiled Java code, j=interpreted, Vv=VM code, C=native code)
V  [jvm.dll+0x2b46a0]
V  [jvm.dll+0x52bfa6]
V  [jvm.dll+0x20555d]
V  [jvm.dll+0x1ff4aa]
V  [jvm.dll+0x1fc42f]
V  [jvm.dll+0x17f09c]
V  [jvm.dll+0x20bbd4]
V  [jvm.dll+0x209cab]
V  [jvm.dll+0x713619]
V  [jvm.dll+0x70c314]
V  [jvm.dll+0x613036]
C  [ucrtbase.dll+0x21bb2]
C  [KERNEL32.DLL+0x17034]
C  [ntdll.dll+0x52651]


siginfo: EXCEPTION_ACCESS_VIOLATION (0xc0000005), reading address 0x0000004000000020


Register to memory mapping:

RIP=0x00007ffe01d146a0 jvm.dll
RAX=0x000002c05fa64390 points into unknown readable memory: 50 21 f2 5b c0 02 00 00
RBX=0x0000004000000000 is an unknown value
RCX=0x000002c05fa64430 points into unknown readable memory: 98 2d f2 5b c0 02 00 00
RDX=0x000002c05fa643e0 points into unknown readable memory: 48 2c f2 5b c0 02 00 00
RSP=0x000000f39fcfa400 is pointing into the stack for thread: 0x000002c059a7b800
RBP=0x000002c05fa57050 points into unknown readable memory: 00 00 00 00 00 00 00 00
RSI=0x0 is NULL
RDI=0x0000000000000003 is an unknown value
R8 =0x000002c05fa57050 points into unknown readable memory: 00 00 00 00 00 00 00 00
R9 =0x000002c05fa68300 points into unknown readable memory: 08 be 8e 5b c0 02 00 00
R10=0x000000000000018b is an unknown value
R11=0x000002c05fa64390 points into unknown readable memory: 50 21 f2 5b c0 02 00 00
R12=0x000002c05e3abb30 points into unknown readable memory: 40 70 a5 5f c0 02 00 00
R13=0x000002c05bf22c48 points into unknown readable memory: b0 43 27 02 fe 7f 00 00
R14=0x000002c05fa643e0 points into unknown readable memory: 48 2c f2 5b c0 02 00 00
R15=0x000002c05daad290 points into unknown readable memory: 01 00 00 00 ff ff ff ff


Registers:
RAX=0x000002c05fa64390, RBX=0x0000004000000000, RCX=0x000002c05fa64430, RDX=0x000002c05fa643e0
RSP=0x000000f39fcfa400, RBP=0x000002c05fa57050, RSI=0x0000000000000000, RDI=0x0000000000000003
R8 =0x000002c05fa57050, R9 =0x000002c05fa68300, R10=0x000000000000018b, R11=0x000002c05fa64390
R12=0x000002c05e3abb30, R13=0x000002c05bf22c48, R14=0x000002c05fa643e0, R15=0x000002c05daad290
RIP=0x00007ffe01d146a0, EFLAGS=0x0000000000010206

Top of Stack: (sp=0x000000f39fcfa400)
0x000000f39fcfa400:   000002c05fa57050 0000000000000000
0x000000f39fcfa410:   000002c05a5b6a20 000002c05daad290
0x000000f39fcfa420:   000002c05fa643e0 00000000000002a4
0x000000f39fcfa430:   000002c05fa57050 000002c059a77f70
0x000000f39fcfa440:   000002c05e3abb30 000002c05e3b8cf0
0x000000f39fcfa450:   00000000001d7e68 000002c05e3b8cf0
0x000000f39fcfa460:   00007ffe02300df0 000002c059a77f70
0x000000f39fcfa470:   0000000000000200 000002c05a450d90
0x000000f39fcfa480:   00000000049dcf23 000002c059a77f70
0x000000f39fcfa490:   000002c059a70738 0000000000000012
0x000000f39fcfa4a0:   000000f39fcfb600 000000f39fcfe180
0x000000f39fcfa4b0:   000000f39fcfa9e0 000000f39fcfa5d0
0x000000f39fcfa4c0:   0000000000000000 00007ffe01f8bfa6
0x000000f39fcfa4d0:   000000f39fcfa9e0 000000f300000fb7
0x000000f39fcfa4e0:   000000f39fcfa9e0 000002c05daad290
0x000000f39fcfa4f0:   000002c05b9126d0 00007ffe01f921ed 

Instructions: (pc=0x00007ffe01d146a0)
0x00007ffe01d14680:   4d 89 58 20 4d 8b 40 28 4c 3b c5 75 f3 49 8b 46
0x00007ffe01d14690:   10 48 8b 58 38 48 85 db 74 71 66 0f 1f 44 00 00
0x00007ffe01d146a0:   48 8b 4b 20 48 85 c9 75 06 48 8b 4b 18 eb 43 48
0x00007ffe01d146b0:   83 79 20 00 74 2a e8 55 f9 ff ff 4c 8b 43 20 48 


Stack slot to memory mapping:
stack at sp + 0 slots: 0x000002c05fa57050 points into unknown readable memory: 00 00 00 00 00 00 00 00
stack at sp + 1 slots: 0x0 is NULL
stack at sp + 2 slots: 0x000002c05a5b6a20 points into unknown readable memory: a8 d1 29 02 fe 7f 00 00
stack at sp + 3 slots: 0x000002c05daad290 points into unknown readable memory: 01 00 00 00 ff ff ff ff
stack at sp + 4 slots: 0x000002c05fa643e0 points into unknown readable memory: 48 2c f2 5b c0 02 00 00
stack at sp + 5 slots: 0x00000000000002a4 is an unknown value
stack at sp + 6 slots: 0x000002c05fa57050 points into unknown readable memory: 00 00 00 00 00 00 00 00
stack at sp + 7 slots: 0x000002c059a77f70 points into unknown readable memory: 06 00 00 00 05 04 a0 00


---------------  P R O C E S S  ---------------

Threads class SMR info:
_java_thread_list=0x000002c05d1774a0, length=11, elements={
0x000002c03b6f6800, 0x000002c059a5e800, 0x000002c059a68000, 0x000002c059a76800,
0x000002c059a7a800, 0x000002c059a7b800, 0x000002c059a7d800, 0x000002c059a86000,
0x000002c05a540000, 0x000002c05a54c800, 0x000002c05bf16000
}

Java Threads: ( => current thread )
  0x000002c03b6f6800 JavaThread "main" [_thread_in_vm, id=9196, stack(0x000000f39f100000,0x000000f39f200000)]
  0x000002c059a5e800 JavaThread "Reference Handler" daemon [_thread_blocked, id=18332, stack(0x000000f39f800000,0x000000f39f900000)]
  0x000002c059a68000 JavaThread "Finalizer" daemon [_thread_blocked, id=32596, stack(0x000000f39f900000,0x000000f39fa00000)]
  0x000002c059a76800 JavaThread "Signal Dispatcher" daemon [_thread_blocked, id=26688, stack(0x000000f39fa00000,0x000000f39fb00000)]
  0x000002c059a7a800 JavaThread "Attach Listener" daemon [_thread_blocked, id=31932, stack(0x000000f39fb00000,0x000000f39fc00000)]
=>0x000002c059a7b800 JavaThread "C2 CompilerThread0" daemon [_thread_in_native, id=31624, stack(0x000000f39fc00000,0x000000f39fd00000)]
  0x000002c059a7d800 JavaThread "C1 CompilerThread0" daemon [_thread_blocked, id=17928, stack(0x000000f39fd00000,0x000000f39fe00000)]
  0x000002c059a86000 JavaThread "Sweeper thread" daemon [_thread_blocked, id=18588, stack(0x000000f39fe00000,0x000000f39ff00000)]
  0x000002c05a540000 JavaThread "Service Thread" daemon [_thread_blocked, id=19788, stack(0x000000f39ff00000,0x000000f3a0000000)]
  0x000002c05a54c800 JavaThread "Common-Cleaner" daemon [_thread_blocked, id=27948, stack(0x000000f3a0100000,0x000000f3a0200000)]
  0x000002c05bf16000 JavaThread "C2 CompilerThread1" daemon [_thread_in_native, id=31500, stack(0x000000f3a0500000,0x000000f3a0600000)]

Other Threads:
  0x000002c059a3c000 VMThread "VM Thread" [stack: 0x000000f39f700000,0x000000f39f800000] [id=31120]
  0x000002c05a54a800 WatcherThread [stack: 0x000000f3a0000000,0x000000f3a0100000] [id=28116]
  0x000002c03b70a800 GCTaskThread "GC Thread#0" [stack: 0x000000f39f200000,0x000000f39f300000] [id=17296]
  0x000002c05a93e800 GCTaskThread "GC Thread#1" [stack: 0x000000f3a0200000,0x000000f3a0300000] [id=3328]
  0x000002c05a93f800 GCTaskThread "GC Thread#2" [stack: 0x000000f3a0300000,0x000000f3a0400000] [id=27556]
  0x000002c03b73c800 ConcurrentGCThread "G1 Main Marker" [stack: 0x000000f39f300000,0x000000f39f400000] [id=8620]
  0x000002c03b73e800 ConcurrentGCThread "G1 Conc#0" [stack: 0x000000f39f400000,0x000000f39f500000] [id=32476]
  0x000002c0598b0800 ConcurrentGCThread "G1 Refine#0" [stack: 0x000000f39f500000,0x000000f39f600000] [id=29680]
  0x000002c05a691800 ConcurrentGCThread "G1 Refine#1" [stack: 0x000000f3a0400000,0x000000f3a0500000] [id=7840]
  0x000002c05dbfe800 ConcurrentGCThread "G1 Refine#2" [stack: 0x000000f3a0600000,0x000000f3a0700000] [id=32716]
  0x000002c0598b1800 ConcurrentGCThread "G1 Young RemSet Sampling" [stack: 0x000000f39f600000,0x000000f39f700000] [id=32056]

Threads with active compile tasks:
C2 CompilerThread0   7805 5418       4       com.sun.tools.javac.code.Symtab::lookupPackage (243 bytes)
C2 CompilerThread1   7805 5489       4       com.sun.tools.javac.code.Symtab::enterPackage (79 bytes)

VM state:not at safepoint (normal execution)

VM Mutex/Monitor currently owned by a thread: None

Heap address: 0x0000000083c00000, size: 1988 MB, Compressed Oops mode: 32-bit
Narrow klass base: 0x0000000000000000, Narrow klass shift: 3
Compressed class space size: 1073741824 Address: 0x0000000100000000

Heap:
 garbage-first heap   total 129024K, used 87982K [0x0000000083c00000, 0x0000000100000000)
  region size 1024K, 74 young (75776K), 10 survivors (10240K)
 Metaspace       used 34484K, capacity 35341K, committed 35376K, reserved 1081344K
  class space    used 3640K, capacity 3952K, committed 3968K, reserved 1048576K
Heap Regions: E=young(eden), S=young(survivor), O=old, HS=humongous(starts), HC=humongous(continues), CS=collection set, F=free, A=archive, TAMS=top-at-mark-start (previous, next)
|   0|0x0000000083c00000, 0x0000000083d00000, 0x0000000083d00000|100%| O|  |TAMS 0x0000000083d00000, 0x0000000083c00000| Untracked 
|   1|0x0000000083d00000, 0x0000000083e00000, 0x0000000083e00000|100%| O|  |TAMS 0x0000000083e00000, 0x0000000083d00000| Untracked 
|   2|0x0000000083e00000, 0x0000000083f00000, 0x0000000083f00000|100%| O|  |TAMS 0x0000000083f00000, 0x0000000083e00000| Untracked 
|   3|0x0000000083f00000, 0x0000000084000000, 0x0000000084000000|100%| O|  |TAMS 0x0000000083f21800, 0x0000000083f00000| Untracked 
|   4|0x0000000084000000, 0x0000000084100000, 0x0000000084100000|100%| O|  |TAMS 0x0000000084000000, 0x0000000084000000| Untracked 
|   5|0x0000000084100000, 0x0000000084200000, 0x0000000084200000|100%| O|  |TAMS 0x0000000084100000, 0x0000000084100000| Untracked 
|   6|0x0000000084200000, 0x0000000084300000, 0x0000000084300000|100%| O|  |TAMS 0x0000000084200000, 0x0000000084200000| Untracked 
|   7|0x0000000084300000, 0x0000000084400000, 0x0000000084400000|100%| O|  |TAMS 0x0000000084300000, 0x0000000084300000| Untracked 
|   8|0x0000000084400000, 0x0000000084500000, 0x0000000084500000|100%| O|  |TAMS 0x0000000084400000, 0x0000000084400000| Untracked 
|   9|0x0000000084500000, 0x0000000084600000, 0x0000000084600000|100%| O|  |TAMS 0x0000000084500000, 0x0000000084500000| Untracked 
|  10|0x0000000084600000, 0x0000000084700000, 0x0000000084700000|100%| O|  |TAMS 0x0000000084600000, 0x0000000084600000| Untracked 
|  11|0x0000000084700000, 0x0000000084800000, 0x0000000084800000|100%| O|  |TAMS 0x0000000084700000, 0x0000000084700000| Untracked 
|  12|0x0000000084800000, 0x00000000848eba00, 0x0000000084900000| 92%| O|  |TAMS 0x0000000084800000, 0x0000000084800000| Untracked 
|  13|0x0000000084900000, 0x0000000084900000, 0x0000000084a00000|  0%| F|  |TAMS 0x0000000084900000, 0x0000000084900000| Untracked 
|  14|0x0000000084a00000, 0x0000000084a00000, 0x0000000084b00000|  0%| F|  |TAMS 0x0000000084a00000, 0x0000000084a00000| Untracked 
|  15|0x0000000084b00000, 0x0000000084b00000, 0x0000000084c00000|  0%| F|  |TAMS 0x0000000084b00000, 0x0000000084b00000| Untracked 
|  16|0x0000000084c00000, 0x0000000084c00000, 0x0000000084d00000|  0%| F|  |TAMS 0x0000000084c00000, 0x0000000084c00000| Untracked 
|  17|0x0000000084d00000, 0x0000000084d00000, 0x0000000084e00000|  0%| F|  |TAMS 0x0000000084d00000, 0x0000000084d00000| Untracked 
|  18|0x0000000084e00000, 0x0000000084e00000, 0x0000000084f00000|  0%| F|  |TAMS 0x0000000084e00000, 0x0000000084e00000| Untracked 
|  19|0x0000000084f00000, 0x0000000084f00000, 0x0000000085000000|  0%| F|  |TAMS 0x0000000084f00000, 0x0000000084f00000| Untracked 
|  20|0x0000000085000000, 0x0000000085000000, 0x0000000085100000|  0%| F|  |TAMS 0x0000000085000000, 0x0000000085000000| Untracked 
|  21|0x0000000085100000, 0x0000000085100000, 0x0000000085200000|  0%| F|  |TAMS 0x0000000085100000, 0x0000000085100000| Untracked 
|  22|0x0000000085200000, 0x0000000085200000, 0x0000000085300000|  0%| F|  |TAMS 0x0000000085200000, 0x0000000085200000| Untracked 
|  23|0x0000000085300000, 0x0000000085300000, 0x0000000085400000|  0%| F|  |TAMS 0x0000000085300000, 0x0000000085300000| Untracked 
|  24|0x0000000085400000, 0x0000000085400000, 0x0000000085500000|  0%| F|  |TAMS 0x0000000085400000, 0x0000000085400000| Untracked 
|  25|0x0000000085500000, 0x0000000085500000, 0x0000000085600000|  0%| F|  |TAMS 0x0000000085500000, 0x0000000085500000| Untracked 
|  26|0x0000000085600000, 0x0000000085600000, 0x0000000085700000|  0%| F|  |TAMS 0x0000000085600000, 0x0000000085600000| Untracked 
|  27|0x0000000085700000, 0x0000000085700000, 0x0000000085800000|  0%| F|  |TAMS 0x0000000085700000, 0x0000000085700000| Untracked 
|  28|0x0000000085800000, 0x0000000085800000, 0x0000000085900000|  0%| F|  |TAMS 0x0000000085800000, 0x0000000085800000| Untracked 
|  29|0x0000000085900000, 0x0000000085900000, 0x0000000085a00000|  0%| F|  |TAMS 0x0000000085900000, 0x0000000085900000| Untracked 
|  30|0x0000000085a00000, 0x0000000085a00000, 0x0000000085b00000|  0%| F|  |TAMS 0x0000000085a00000, 0x0000000085a00000| Untracked 
|  31|0x0000000085b00000, 0x0000000085b00000, 0x0000000085c00000|  0%| F|  |TAMS 0x0000000085b00000, 0x0000000085b00000| Untracked 
|  32|0x0000000085c00000, 0x0000000085c00000, 0x0000000085d00000|  0%| F|  |TAMS 0x0000000085c00000, 0x0000000085c00000| Untracked 
|  33|0x0000000085d00000, 0x0000000085d00000, 0x0000000085e00000|  0%| F|  |TAMS 0x0000000085d00000, 0x0000000085d00000| Untracked 
|  34|0x0000000085e00000, 0x0000000085e00000, 0x0000000085f00000|  0%| F|  |TAMS 0x0000000085e00000, 0x0000000085e00000| Untracked 
|  35|0x0000000085f00000, 0x0000000085f00000, 0x0000000086000000|  0%| F|  |TAMS 0x0000000085f00000, 0x0000000085f00000| Untracked 
|  36|0x0000000086000000, 0x0000000086000000, 0x0000000086100000|  0%| F|  |TAMS 0x0000000086000000, 0x0000000086000000| Untracked 
|  37|0x0000000086100000, 0x0000000086100000, 0x0000000086200000|  0%| F|  |TAMS 0x0000000086100000, 0x0000000086100000| Untracked 
|  38|0x0000000086200000, 0x0000000086200000, 0x0000000086300000|  0%| F|  |TAMS 0x0000000086200000, 0x0000000086200000| Untracked 
|  39|0x0000000086300000, 0x0000000086300000, 0x0000000086400000|  0%| F|  |TAMS 0x0000000086300000, 0x0000000086300000| Untracked 
|  40|0x0000000086400000, 0x0000000086400000, 0x0000000086500000|  0%| F|  |TAMS 0x0000000086400000, 0x0000000086400000| Untracked 
|  41|0x0000000086500000, 0x0000000086600000, 0x0000000086600000|100%| S|CS|TAMS 0x0000000086500000, 0x0000000086500000| Complete 
|  42|0x0000000086600000, 0x0000000086700000, 0x0000000086700000|100%| S|CS|TAMS 0x0000000086600000, 0x0000000086600000| Complete 
|  43|0x0000000086700000, 0x0000000086800000, 0x0000000086800000|100%| S|CS|TAMS 0x0000000086700000, 0x0000000086700000| Complete 
|  44|0x0000000086800000, 0x0000000086900000, 0x0000000086900000|100%| S|CS|TAMS 0x0000000086800000, 0x0000000086800000| Complete 
|  45|0x0000000086900000, 0x0000000086a00000, 0x0000000086a00000|100%| S|CS|TAMS 0x0000000086900000, 0x0000000086900000| Complete 
|  46|0x0000000086a00000, 0x0000000086b00000, 0x0000000086b00000|100%| S|CS|TAMS 0x0000000086a00000, 0x0000000086a00000| Complete 
|  47|0x0000000086b00000, 0x0000000086c00000, 0x0000000086c00000|100%| S|CS|TAMS 0x0000000086b00000, 0x0000000086b00000| Complete 
|  48|0x0000000086c00000, 0x0000000086d00000, 0x0000000086d00000|100%| S|CS|TAMS 0x0000000086c00000, 0x0000000086c00000| Complete 
|  49|0x0000000086d00000, 0x0000000086e00000, 0x0000000086e00000|100%| S|CS|TAMS 0x0000000086d00000, 0x0000000086d00000| Complete 
|  50|0x0000000086e00000, 0x0000000086f00000, 0x0000000086f00000|100%| S|CS|TAMS 0x0000000086e00000, 0x0000000086e00000| Complete 
|  51|0x0000000086f00000, 0x0000000086f00000, 0x0000000087000000|  0%| F|  |TAMS 0x0000000086f00000, 0x0000000086f00000| Untracked 
|  52|0x0000000087000000, 0x0000000087000000, 0x0000000087100000|  0%| F|  |TAMS 0x0000000087000000, 0x0000000087000000| Untracked 
|  53|0x0000000087100000, 0x0000000087100000, 0x0000000087200000|  0%| F|  |TAMS 0x0000000087100000, 0x0000000087100000| Untracked 
|  54|0x0000000087200000, 0x0000000087200000, 0x0000000087300000|  0%| F|  |TAMS 0x0000000087200000, 0x0000000087200000| Untracked 
|  55|0x0000000087300000, 0x0000000087300000, 0x0000000087400000|  0%| F|  |TAMS 0x0000000087300000, 0x0000000087300000| Untracked 
|  56|0x0000000087400000, 0x0000000087400000, 0x0000000087500000|  0%| F|  |TAMS 0x0000000087400000, 0x0000000087400000| Untracked 
|  57|0x0000000087500000, 0x0000000087500000, 0x0000000087600000|  0%| F|  |TAMS 0x0000000087500000, 0x0000000087500000| Untracked 
|  58|0x0000000087600000, 0x0000000087600000, 0x0000000087700000|  0%| F|  |TAMS 0x0000000087600000, 0x0000000087600000| Untracked 
|  59|0x0000000087700000, 0x0000000087700000, 0x0000000087800000|  0%| F|  |TAMS 0x0000000087700000, 0x0000000087700000| Untracked 
|  60|0x0000000087800000, 0x0000000087800000, 0x0000000087900000|  0%| F|  |TAMS 0x0000000087800000, 0x0000000087800000| Untracked 
|  61|0x0000000087900000, 0x0000000087900000, 0x0000000087a00000|  0%| F|  |TAMS 0x0000000087900000, 0x0000000087900000| Untracked 
|  62|0x0000000087a00000, 0x0000000087b00000, 0x0000000087b00000|100%| E|  |TAMS 0x0000000087a00000, 0x0000000087a00000| Complete 
|  63|0x0000000087b00000, 0x0000000087c00000, 0x0000000087c00000|100%| E|CS|TAMS 0x0000000087b00000, 0x0000000087b00000| Complete 
|  64|0x0000000087c00000, 0x0000000087d00000, 0x0000000087d00000|100%| E|CS|TAMS 0x0000000087c00000, 0x0000000087c00000| Complete 
|  65|0x0000000087d00000, 0x0000000087e00000, 0x0000000087e00000|100%| E|CS|TAMS 0x0000000087d00000, 0x0000000087d00000| Complete 
|  66|0x0000000087e00000, 0x0000000087f00000, 0x0000000087f00000|100%| E|CS|TAMS 0x0000000087e00000, 0x0000000087e00000| Complete 
|  67|0x0000000087f00000, 0x0000000088000000, 0x0000000088000000|100%| E|CS|TAMS 0x0000000087f00000, 0x0000000087f00000| Complete 
|  68|0x0000000088000000, 0x0000000088100000, 0x0000000088100000|100%| E|CS|TAMS 0x0000000088000000, 0x0000000088000000| Complete 
|  69|0x0000000088100000, 0x0000000088200000, 0x0000000088200000|100%| E|CS|TAMS 0x0000000088100000, 0x0000000088100000| Complete 
|  70|0x0000000088200000, 0x0000000088300000, 0x0000000088300000|100%| E|CS|TAMS 0x0000000088200000, 0x0000000088200000| Complete 
|  71|0x0000000088300000, 0x0000000088400000, 0x0000000088400000|100%| E|CS|TAMS 0x0000000088300000, 0x0000000088300000| Complete 
|  72|0x0000000088400000, 0x0000000088500000, 0x0000000088500000|100%| E|CS|TAMS 0x0000000088400000, 0x0000000088400000| Complete 
|  73|0x0000000088500000, 0x0000000088600000, 0x0000000088600000|100%| E|CS|TAMS 0x0000000088500000, 0x0000000088500000| Complete 
|  74|0x0000000088600000, 0x0000000088700000, 0x0000000088700000|100%| E|CS|TAMS 0x0000000088600000, 0x0000000088600000| Complete 
|  75|0x0000000088700000, 0x0000000088800000, 0x0000000088800000|100%| E|CS|TAMS 0x0000000088700000, 0x0000000088700000| Complete 
|  76|0x0000000088800000, 0x0000000088900000, 0x0000000088900000|100%| E|CS|TAMS 0x0000000088800000, 0x0000000088800000| Complete 
|  77|0x0000000088900000, 0x0000000088a00000, 0x0000000088a00000|100%| E|CS|TAMS 0x0000000088900000, 0x0000000088900000| Complete 
|  78|0x0000000088a00000, 0x0000000088b00000, 0x0000000088b00000|100%| E|CS|TAMS 0x0000000088a00000, 0x0000000088a00000| Complete 
|  79|0x0000000088b00000, 0x0000000088c00000, 0x0000000088c00000|100%| E|CS|TAMS 0x0000000088b00000, 0x0000000088b00000| Complete 
|  80|0x0000000088c00000, 0x0000000088d00000, 0x0000000088d00000|100%| E|CS|TAMS 0x0000000088c00000, 0x0000000088c00000| Complete 
|  81|0x0000000088d00000, 0x0000000088e00000, 0x0000000088e00000|100%| E|CS|TAMS 0x0000000088d00000, 0x0000000088d00000| Complete 
|  82|0x0000000088e00000, 0x0000000088f00000, 0x0000000088f00000|100%| E|CS|TAMS 0x0000000088e00000, 0x0000000088e00000| Complete 
|  83|0x0000000088f00000, 0x0000000089000000, 0x0000000089000000|100%| E|CS|TAMS 0x0000000088f00000, 0x0000000088f00000| Complete 
|  84|0x0000000089000000, 0x0000000089100000, 0x0000000089100000|100%| E|CS|TAMS 0x0000000089000000, 0x0000000089000000| Complete 
|  85|0x0000000089100000, 0x0000000089200000, 0x0000000089200000|100%| E|CS|TAMS 0x0000000089100000, 0x0000000089100000| Complete 
|  86|0x0000000089200000, 0x0000000089300000, 0x0000000089300000|100%| E|CS|TAMS 0x0000000089200000, 0x0000000089200000| Complete 
|  87|0x0000000089300000, 0x0000000089400000, 0x0000000089400000|100%| E|CS|TAMS 0x0000000089300000, 0x0000000089300000| Complete 
|  88|0x0000000089400000, 0x0000000089500000, 0x0000000089500000|100%| E|CS|TAMS 0x0000000089400000, 0x0000000089400000| Complete 
|  89|0x0000000089500000, 0x0000000089600000, 0x0000000089600000|100%| E|CS|TAMS 0x0000000089500000, 0x0000000089500000| Complete 
|  90|0x0000000089600000, 0x0000000089700000, 0x0000000089700000|100%| E|CS|TAMS 0x0000000089600000, 0x0000000089600000| Complete 
|  91|0x0000000089700000, 0x0000000089800000, 0x0000000089800000|100%| E|CS|TAMS 0x0000000089700000, 0x0000000089700000| Complete 
|  92|0x0000000089800000, 0x0000000089900000, 0x0000000089900000|100%| E|CS|TAMS 0x0000000089800000, 0x0000000089800000| Complete 
|  93|0x0000000089900000, 0x0000000089a00000, 0x0000000089a00000|100%| E|CS|TAMS 0x0000000089900000, 0x0000000089900000| Complete 
|  94|0x0000000089a00000, 0x0000000089b00000, 0x0000000089b00000|100%| E|CS|TAMS 0x0000000089a00000, 0x0000000089a00000| Complete 
|  95|0x0000000089b00000, 0x0000000089c00000, 0x0000000089c00000|100%| E|CS|TAMS 0x0000000089b00000, 0x0000000089b00000| Complete 
|  96|0x0000000089c00000, 0x0000000089d00000, 0x0000000089d00000|100%| E|CS|TAMS 0x0000000089c00000, 0x0000000089c00000| Complete 
|  97|0x0000000089d00000, 0x0000000089e00000, 0x0000000089e00000|100%| E|CS|TAMS 0x0000000089d00000, 0x0000000089d00000| Complete 
|  98|0x0000000089e00000, 0x0000000089f00000, 0x0000000089f00000|100%| E|CS|TAMS 0x0000000089e00000, 0x0000000089e00000| Complete 
|  99|0x0000000089f00000, 0x000000008a000000, 0x000000008a000000|100%| E|CS|TAMS 0x0000000089f00000, 0x0000000089f00000| Complete 
| 100|0x000000008a000000, 0x000000008a100000, 0x000000008a100000|100%| E|CS|TAMS 0x000000008a000000, 0x000000008a000000| Complete 
| 101|0x000000008a100000, 0x000000008a200000, 0x000000008a200000|100%| E|CS|TAMS 0x000000008a100000, 0x000000008a100000| Complete 
| 102|0x000000008a200000, 0x000000008a300000, 0x000000008a300000|100%| E|CS|TAMS 0x000000008a200000, 0x000000008a200000| Complete 
| 103|0x000000008a300000, 0x000000008a400000, 0x000000008a400000|100%| E|CS|TAMS 0x000000008a300000, 0x000000008a300000| Complete 
| 104|0x000000008a400000, 0x000000008a500000, 0x000000008a500000|100%| E|CS|TAMS 0x000000008a400000, 0x000000008a400000| Complete 
| 105|0x000000008a500000, 0x000000008a600000, 0x000000008a600000|100%| E|CS|TAMS 0x000000008a500000, 0x000000008a500000| Complete 
| 106|0x000000008a600000, 0x000000008a700000, 0x000000008a700000|100%| E|CS|TAMS 0x000000008a600000, 0x000000008a600000| Complete 
| 107|0x000000008a700000, 0x000000008a800000, 0x000000008a800000|100%| E|CS|TAMS 0x000000008a700000, 0x000000008a700000| Complete 
| 108|0x000000008a800000, 0x000000008a900000, 0x000000008a900000|100%| E|CS|TAMS 0x000000008a800000, 0x000000008a800000| Complete 
| 109|0x000000008a900000, 0x000000008aa00000, 0x000000008aa00000|100%| E|CS|TAMS 0x000000008a900000, 0x000000008a900000| Complete 
| 110|0x000000008aa00000, 0x000000008ab00000, 0x000000008ab00000|100%| E|CS|TAMS 0x000000008aa00000, 0x000000008aa00000| Complete 
| 111|0x000000008ab00000, 0x000000008ac00000, 0x000000008ac00000|100%| E|CS|TAMS 0x000000008ab00000, 0x000000008ab00000| Complete 
| 112|0x000000008ac00000, 0x000000008ad00000, 0x000000008ad00000|100%| E|CS|TAMS 0x000000008ac00000, 0x000000008ac00000| Complete 
| 113|0x000000008ad00000, 0x000000008ae00000, 0x000000008ae00000|100%| E|CS|TAMS 0x000000008ad00000, 0x000000008ad00000| Complete 
| 114|0x000000008ae00000, 0x000000008af00000, 0x000000008af00000|100%| E|CS|TAMS 0x000000008ae00000, 0x000000008ae00000| Complete 
| 115|0x000000008af00000, 0x000000008b000000, 0x000000008b000000|100%| E|CS|TAMS 0x000000008af00000, 0x000000008af00000| Complete 
| 116|0x000000008b000000, 0x000000008b100000, 0x000000008b100000|100%| E|CS|TAMS 0x000000008b000000, 0x000000008b000000| Complete 
| 117|0x000000008b100000, 0x000000008b200000, 0x000000008b200000|100%| E|CS|TAMS 0x000000008b100000, 0x000000008b100000| Complete 
| 118|0x000000008b200000, 0x000000008b300000, 0x000000008b300000|100%| E|CS|TAMS 0x000000008b200000, 0x000000008b200000| Complete 
| 119|0x000000008b300000, 0x000000008b400000, 0x000000008b400000|100%| E|CS|TAMS 0x000000008b300000, 0x000000008b300000| Complete 
| 120|0x000000008b400000, 0x000000008b500000, 0x000000008b500000|100%| E|CS|TAMS 0x000000008b400000, 0x000000008b400000| Complete 
| 121|0x000000008b500000, 0x000000008b600000, 0x000000008b600000|100%| E|CS|TAMS 0x000000008b500000, 0x000000008b500000| Complete 
| 122|0x000000008b600000, 0x000000008b700000, 0x000000008b700000|100%| E|CS|TAMS 0x000000008b600000, 0x000000008b600000| Complete 
| 123|0x000000008b700000, 0x000000008b800000, 0x000000008b800000|100%| E|CS|TAMS 0x000000008b700000, 0x000000008b700000| Complete 
| 124|0x000000008b800000, 0x000000008b900000, 0x000000008b900000|100%| E|CS|TAMS 0x000000008b800000, 0x000000008b800000| Complete 
| 125|0x000000008b900000, 0x000000008ba00000, 0x000000008ba00000|100%| E|CS|TAMS 0x000000008b900000, 0x000000008b900000| Complete 

Card table byte_map: [0x000002c052f70000,0x000002c053360000] _byte_map_base: 0x000002c052b52000

Marking Bits (Prev, Next): (CMBitMap*) 0x000002c03b733b30, (CMBitMap*) 0x000002c03b733af8
 Prev Bits: [0x000002c055660000, 0x000002c057570000)
 Next Bits: [0x000002c053750000, 0x000002c055660000)

Polling page: 0x000002c039640000

Metaspace:

Usage:
  Non-class:     30.72 MB capacity,    30.18 MB ( 98%) used,   486.45 KB (  2%) free+waste,    59.44 KB ( <1%) overhead. 
      Class:      3.86 MB capacity,     3.57 MB ( 92%) used,   275.20 KB (  7%) free+waste,    24.94 KB ( <1%) overhead. 
       Both:     34.58 MB capacity,    33.75 MB ( 98%) used,   761.66 KB (  2%) free+waste,    84.38 KB ( <1%) overhead. 

Virtual space:
  Non-class space:       32.00 MB reserved,      30.92 MB ( 97%) committed 
      Class space:        1.00 GB reserved,       3.88 MB ( <1%) committed 
             Both:        1.03 GB reserved,      34.80 MB (  3%) committed 

Chunk freelists:
   Non-Class:  2.13 KB
       Class:  1.88 KB
        Both:  4.00 KB

CodeHeap 'non-profiled nmethods': size=120064Kb used=3110Kb max_used=3110Kb free=116953Kb
 bounds [0x000002c04b640000, 0x000002c04b950000, 0x000002c052b80000]
CodeHeap 'profiled nmethods': size=120000Kb used=12711Kb max_used=12711Kb free=107288Kb
 bounds [0x000002c044110000, 0x000002c044d80000, 0x000002c04b640000]
CodeHeap 'non-nmethods': size=5696Kb used=1157Kb max_used=1192Kb free=4539Kb
 bounds [0x000002c043b80000, 0x000002c043df0000, 0x000002c044110000]
 total_blobs=6025 nmethods=5545 adapters=391
 compilation: enabled
              stopped_count=0, restarted_count=0
 full_count=0

Compilation events (10 events):
Event: 7.744 Thread 0x000002c059a7d800 nmethod 5536 0x000002c04b949110 code [0x000002c04b9492a0, 0x000002c04b949358]
Event: 7.744 Thread 0x000002c059a7d800 5532       1       com.sun.tools.javac.code.Type::isCompound (2 bytes)
Event: 7.744 Thread 0x000002c059a7d800 nmethod 5532 0x000002c04b949410 code [0x000002c04b9495a0, 0x000002c04b949658]
Event: 7.746 Thread 0x000002c059a7d800 5541       3       java.util.regex.Pattern::compile (498 bytes)
Event: 7.748 Thread 0x000002c059a7d800 nmethod 5541 0x000002c044d57c90 code [0x000002c044d58160, 0x000002c044d5b128]
Event: 7.748 Thread 0x000002c059a7d800 5542       3       java.lang.StringLatin1::lastIndexOf (125 bytes)
Event: 7.748 Thread 0x000002c059a7d800 nmethod 5542 0x000002c044d5bc90 code [0x000002c044d5be60, 0x000002c044d5c2d8]
Event: 7.748 Thread 0x000002c059a7d800 5546       3       java.util.regex.Pattern::atom (422 bytes)
Event: 7.751 Thread 0x000002c059a7d800 nmethod 5546 0x000002c044d5c510 code [0x000002c044d5c980, 0x000002c044d5f3d8]
Event: 7.751 Thread 0x000002c059a7d800 5544       3       java.util.regex.Pattern::closure (365 bytes)

GC Heap History (10 events):
Event: 1.325 GC heap before
{Heap before GC invocations=1 (full 0):
 garbage-first heap   total 129024K, used 17494K [0x0000000083c00000, 0x0000000100000000)
  region size 1024K, 16 young (16384K), 2 survivors (2048K)
 Metaspace       used 13481K, capacity 13694K, committed 13824K, reserved 1060864K
  class space    used 1369K, capacity 1459K, committed 1536K, reserved 1048576K
}
Event: 1.328 GC heap after
{Heap after GC invocations=2 (full 0):
 garbage-first heap   total 129024K, used 3815K [0x0000000083c00000, 0x0000000100000000)
  region size 1024K, 1 young (1024K), 1 survivors (1024K)
 Metaspace       used 13481K, capacity 13694K, committed 13824K, reserved 1060864K
  class space    used 1369K, capacity 1459K, committed 1536K, reserved 1048576K
}
Event: 2.097 GC heap before
{Heap before GC invocations=2 (full 0):
 garbage-first heap   total 129024K, used 36583K [0x0000000083c00000, 0x0000000100000000)
  region size 1024K, 33 young (33792K), 1 survivors (1024K)
 Metaspace       used 18073K, capacity 18331K, committed 18560K, reserved 1064960K
  class space    used 1958K, capacity 2082K, committed 2176K, reserved 1048576K
}
Event: 2.101 GC heap after
{Heap after GC invocations=3 (full 0):
 garbage-first heap   total 129024K, used 5389K [0x0000000083c00000, 0x0000000100000000)
  region size 1024K, 3 young (3072K), 3 survivors (3072K)
 Metaspace       used 18073K, capacity 18331K, committed 18560K, reserved 1064960K
  class space    used 1958K, capacity 2082K, committed 2176K, reserved 1048576K
}
Event: 2.862 GC heap before
{Heap before GC invocations=3 (full 0):
 garbage-first heap   total 129024K, used 24845K [0x0000000083c00000, 0x0000000100000000)
  region size 1024K, 23 young (23552K), 3 survivors (3072K)
 Metaspace       used 20818K, capacity 21161K, committed 21296K, reserved 1069056K
  class space    used 2214K, capacity 2354K, committed 2432K, reserved 1048576K
}
Event: 2.869 GC heap after
{Heap after GC invocations=4 (full 0):
 garbage-first heap   total 129024K, used 8002K [0x0000000083c00000, 0x0000000100000000)
  region size 1024K, 5 young (5120K), 5 survivors (5120K)
 Metaspace       used 20818K, capacity 21161K, committed 21296K, reserved 1069056K
  class space    used 2214K, capacity 2354K, committed 2432K, reserved 1048576K
}
Event: 4.178 GC heap before
{Heap before GC invocations=5 (full 0):
 garbage-first heap   total 129024K, used 70466K [0x0000000083c00000, 0x0000000100000000)
  region size 1024K, 66 young (67584K), 5 survivors (5120K)
 Metaspace       used 21642K, capacity 22043K, committed 22320K, reserved 1069056K
  class space    used 2247K, capacity 2391K, committed 2432K, reserved 1048576K
}
Event: 4.190 GC heap after
{Heap after GC invocations=6 (full 0):
 garbage-first heap   total 129024K, used 13605K [0x0000000083c00000, 0x0000000100000000)
  region size 1024K, 9 young (9216K), 9 survivors (9216K)
 Metaspace       used 21642K, capacity 22043K, committed 22320K, reserved 1069056K
  class space    used 2247K, capacity 2391K, committed 2432K, reserved 1048576K
}
Event: 6.456 GC heap before
{Heap before GC invocations=6 (full 0):
 garbage-first heap   total 129024K, used 81189K [0x0000000083c00000, 0x0000000100000000)
  region size 1024K, 75 young (76800K), 9 survivors (9216K)
 Metaspace       used 31330K, capacity 32090K, committed 32304K, reserved 1077248K
  class space    used 3334K, capacity 3598K, committed 3712K, reserved 1048576K
}
Event: 6.477 GC heap after
{Heap after GC invocations=7 (full 0):
 garbage-first heap   total 129024K, used 23470K [0x0000000083c00000, 0x0000000100000000)
  region size 1024K, 10 young (10240K), 10 survivors (10240K)
 Metaspace       used 31330K, capacity 32090K, committed 32304K, reserved 1077248K
  class space    used 3334K, capacity 3598K, committed 3712K, reserved 1048576K
}

Deoptimization events (10 events):
Event: 7.598 Thread 0x000002c03b6f6800 Uncommon trap: reason=class_check action=maybe_recompile pc=0x000002c04b904f28 method=java.util.stream.MatchOps$1MatchSink.accept(Ljava/lang/Object;)V @ 12 c2
Event: 7.598 Thread 0x000002c03b6f6800 Uncommon trap: reason=class_check action=maybe_recompile pc=0x000002c04b904f28 method=java.util.stream.MatchOps$1MatchSink.accept(Ljava/lang/Object;)V @ 12 c2
Event: 7.598 Thread 0x000002c03b6f6800 Uncommon trap: reason=class_check action=maybe_recompile pc=0x000002c04b904f28 method=java.util.stream.MatchOps$1MatchSink.accept(Ljava/lang/Object;)V @ 12 c2
Event: 7.598 Thread 0x000002c03b6f6800 Uncommon trap: reason=class_check action=maybe_recompile pc=0x000002c04b904f28 method=java.util.stream.MatchOps$1MatchSink.accept(Ljava/lang/Object;)V @ 12 c2
Event: 7.648 Thread 0x000002c03b6f6800 Uncommon trap: reason=bimorphic_or_optimized_type_check action=maybe_recompile pc=0x000002c04b93c5c8 method=java.util.Spliterators$IteratorSpliterator.tryAdvance(Ljava/util/function/Consumer;)Z @ 50 c2
Event: 7.649 Thread 0x000002c03b6f6800 Uncommon trap: reason=bimorphic_or_optimized_type_check action=maybe_recompile pc=0x000002c04b93c5c8 method=java.util.Spliterators$IteratorSpliterator.tryAdvance(Ljava/util/function/Consumer;)Z @ 50 c2
Event: 7.649 Thread 0x000002c03b6f6800 Uncommon trap: reason=bimorphic_or_optimized_type_check action=maybe_recompile pc=0x000002c04b93c5c8 method=java.util.Spliterators$IteratorSpliterator.tryAdvance(Ljava/util/function/Consumer;)Z @ 50 c2
Event: 7.649 Thread 0x000002c03b6f6800 Uncommon trap: reason=bimorphic_or_optimized_type_check action=maybe_recompile pc=0x000002c04b93c5c8 method=java.util.Spliterators$IteratorSpliterator.tryAdvance(Ljava/util/function/Consumer;)Z @ 50 c2
Event: 7.733 Thread 0x000002c03b6f6800 Uncommon trap: reason=unstable_if action=reinterpret pc=0x000002c04b8da29c method=java.lang.StringLatin1.lastIndexOf([BI[BII)I @ 86 c2
Event: 7.733 Thread 0x000002c03b6f6800 Uncommon trap: reason=unstable_if action=reinterpret pc=0x000002c04b926af0 method=java.net.URLStreamHandler.parseURL(Ljava/net/URL;Ljava/lang/String;II)V @ 155 c2

Classes redefined (0 events):
No events

Internal exceptions (10 events):
Event: 7.045 Thread 0x000002c03b6f6800 Exception <a 'sun/nio/fs/WindowsException'{0x0000000089dfbf08}> (0x0000000089dfbf08) thrown at [./open/src/hotspot/share/prims/jni.cpp, line 611]
Event: 7.045 Thread 0x000002c03b6f6800 Exception <a 'sun/nio/fs/WindowsException'{0x0000000089dfc2c8}> (0x0000000089dfc2c8) thrown at [./open/src/hotspot/share/prims/jni.cpp, line 611]
Event: 7.045 Thread 0x000002c03b6f6800 Exception <a 'sun/nio/fs/WindowsException'{0x0000000089dfdb10}> (0x0000000089dfdb10) thrown at [./open/src/hotspot/share/prims/jni.cpp, line 611]
Event: 7.045 Thread 0x000002c03b6f6800 Exception <a 'sun/nio/fs/WindowsException'{0x0000000089dfdf20}> (0x0000000089dfdf20) thrown at [./open/src/hotspot/share/prims/jni.cpp, line 611]
Event: 7.045 Thread 0x000002c03b6f6800 Exception <a 'sun/nio/fs/WindowsException'{0x0000000089dff548}> (0x0000000089dff548) thrown at [./open/src/hotspot/share/prims/jni.cpp, line 611]
Event: 7.045 Thread 0x000002c03b6f6800 Exception <a 'sun/nio/fs/WindowsException'{0x0000000089dff9e8}> (0x0000000089dff9e8) thrown at [./open/src/hotspot/share/prims/jni.cpp, line 611]
Event: 7.733 Thread 0x000002c03b6f6800 Exception <a 'sun/nio/fs/WindowsException'{0x0000000087cdf410}> (0x0000000087cdf410) thrown at [./open/src/hotspot/share/prims/jni.cpp, line 611]
Event: 7.733 Thread 0x000002c03b6f6800 Exception <a 'sun/nio/fs/WindowsException'{0x0000000087cdfdd0}> (0x0000000087cdfdd0) thrown at [./open/src/hotspot/share/prims/jni.cpp, line 611]
Event: 7.733 Thread 0x000002c03b6f6800 Exception <a 'sun/nio/fs/WindowsException'{0x0000000087ce0d30}> (0x0000000087ce0d30) thrown at [./open/src/hotspot/share/prims/jni.cpp, line 611]
Event: 7.734 Thread 0x000002c03b6f6800 Exception <a 'java/io/FileNotFoundException'{0x0000000087ce1758}> (0x0000000087ce1758) thrown at [./open/src/hotspot/share/prims/jni.cpp, line 611]

Events (10 events):
Event: 7.734 loading class java/util/ComparableTimSort
Event: 7.735 loading class java/util/ComparableTimSort done
Event: 7.745 Executing VM operation: ICBufferFull
Event: 7.745 Executing VM operation: ICBufferFull done
Event: 7.751 loading class com/sun/tools/javac/util/Filter
Event: 7.751 loading class com/sun/tools/javac/util/Filter done
Event: 7.751 loading class com/sun/tools/javac/code/Scope$CompoundScope
Event: 7.751 loading class com/sun/tools/javac/code/Scope$CompoundScope done
Event: 7.752 loading class com/sun/tools/javac/util/Filter
Event: 7.752 loading class com/sun/tools/javac/util/Filter done


Dynamic libraries:
0x00007ff7e23c0000 - 0x00007ff7e23cf000 	C:\Program Files\Java\jdk-11.0.10\bin\java.exe
0x00007ffe6ccb0000 - 0x00007ffe6cea5000 	C:\WINDOWS\SYSTEM32\ntdll.dll
0x00007ffe6b420000 - 0x00007ffe6b4dd000 	C:\WINDOWS\System32\KERNEL32.DLL
0x00007ffe6a640000 - 0x00007ffe6a908000 	C:\WINDOWS\System32\KERNELBASE.dll
0x00007ffe67770000 - 0x00007ffe67800000 	C:\WINDOWS\SYSTEM32\apphelp.dll
0x00007ffe6a3f0000 - 0x00007ffe6a4f0000 	C:\WINDOWS\System32\ucrtbase.dll
0x00007ffe55020000 - 0x00007ffe55038000 	C:\Program Files\Java\jdk-11.0.10\bin\jli.dll
0x00007ffe64c50000 - 0x00007ffe64c65000 	C:\Program Files\Java\jdk-11.0.10\bin\VCRUNTIME140.dll
0x00007ffe6be40000 - 0x00007ffe6beec000 	C:\WINDOWS\System32\ADVAPI32.dll
0x00007ffe6add0000 - 0x00007ffe6ae6e000 	C:\WINDOWS\System32\msvcrt.dll
0x00007ffe6c6f0000 - 0x00007ffe6c78b000 	C:\WINDOWS\System32\sechost.dll
0x00007ffe6bd10000 - 0x00007ffe6be3b000 	C:\WINDOWS\System32\RPCRT4.dll
0x00007ffe6c910000 - 0x00007ffe6cab0000 	C:\WINDOWS\System32\USER32.dll
0x00007ffe6a910000 - 0x00007ffe6a932000 	C:\WINDOWS\System32\win32u.dll
0x00007ffe6c610000 - 0x00007ffe6c63a000 	C:\WINDOWS\System32\GDI32.dll
0x00007ffe6a940000 - 0x00007ffe6aa4b000 	C:\WINDOWS\System32\gdi32full.dll
0x00007ffe6a4f0000 - 0x00007ffe6a58d000 	C:\WINDOWS\System32\msvcp_win.dll
0x00007ffe55090000 - 0x00007ffe5532a000 	C:\WINDOWS\WinSxS\amd64_microsoft.windows.common-controls_6595b64144ccf1df_6.0.19041.844_none_ca00b6081b84eb1d\COMCTL32.dll
0x00007ffe62530000 - 0x00007ffe6253a000 	C:\WINDOWS\SYSTEM32\VERSION.dll
0x00007ffe6cc40000 - 0x00007ffe6cc70000 	C:\WINDOWS\System32\IMM32.DLL
0x00007ffe394c0000 - 0x00007ffe3955b000 	C:\Program Files\Java\jdk-11.0.10\bin\msvcp140.dll
0x00007ffe01a60000 - 0x00007ffe0255b000 	C:\Program Files\Java\jdk-11.0.10\bin\server\jvm.dll
0x00007ffe6aef0000 - 0x00007ffe6aef8000 	C:\WINDOWS\System32\PSAPI.DLL
0x00007ffe45430000 - 0x00007ffe45439000 	C:\WINDOWS\SYSTEM32\WSOCK32.dll
0x00007ffe53ae0000 - 0x00007ffe53b07000 	C:\WINDOWS\SYSTEM32\WINMM.dll
0x00007ffe6c0a0000 - 0x00007ffe6c10b000 	C:\WINDOWS\System32\WS2_32.dll
0x00007ffe68cc0000 - 0x00007ffe68cd2000 	C:\WINDOWS\SYSTEM32\kernel.appcore.dll
0x00007ffe55010000 - 0x00007ffe55020000 	C:\Program Files\Java\jdk-11.0.10\bin\verify.dll
0x00007ffe68aa0000 - 0x00007ffe68c84000 	C:\WINDOWS\SYSTEM32\DBGHELP.DLL
0x00007ffe55ba0000 - 0x00007ffe55bcc000 	C:\WINDOWS\SYSTEM32\dbgcore.DLL
0x00007ffe6ac40000 - 0x00007ffe6acc0000 	C:\WINDOWS\System32\bcryptPrimitives.dll
0x00007ffe54fe0000 - 0x00007ffe55008000 	C:\Program Files\Java\jdk-11.0.10\bin\java.dll
0x00007ffe394b0000 - 0x00007ffe394ba000 	C:\Program Files\Java\jdk-11.0.10\bin\jimage.dll
0x00007ffe26cd0000 - 0x00007ffe26ce6000 	C:\Program Files\Java\jdk-11.0.10\bin\zip.dll
0x00007ffe6b5c0000 - 0x00007ffe6bd02000 	C:\WINDOWS\System32\SHELL32.dll
0x00007ffe67fe0000 - 0x00007ffe68771000 	C:\WINDOWS\SYSTEM32\windows.storage.dll
0x00007ffe6c110000 - 0x00007ffe6c465000 	C:\WINDOWS\System32\combase.dll
0x00007ffe69e60000 - 0x00007ffe69e8c000 	C:\WINDOWS\SYSTEM32\Wldp.dll
0x00007ffe6b370000 - 0x00007ffe6b41e000 	C:\WINDOWS\System32\SHCORE.dll
0x00007ffe6ad70000 - 0x00007ffe6adc5000 	C:\WINDOWS\System32\shlwapi.dll
0x00007ffe6a330000 - 0x00007ffe6a34f000 	C:\WINDOWS\SYSTEM32\profapi.dll
0x00007ffe26cb0000 - 0x00007ffe26cc9000 	C:\Program Files\Java\jdk-11.0.10\bin\net.dll
0x00007ffe56c00000 - 0x00007ffe56d0b000 	C:\WINDOWS\SYSTEM32\WINHTTP.dll
0x00007ffe69bd0000 - 0x00007ffe69c3a000 	C:\WINDOWS\system32\mswsock.dll
0x00007ffe26c90000 - 0x00007ffe26ca2000 	C:\Program Files\Java\jdk-11.0.10\bin\nio.dll
0x00007ffe69da0000 - 0x00007ffe69db8000 	C:\WINDOWS\SYSTEM32\CRYPTSP.dll
0x00007ffe69500000 - 0x00007ffe69534000 	C:\WINDOWS\system32\rsaenh.dll
0x00007ffe6aab0000 - 0x00007ffe6aad7000 	C:\WINDOWS\System32\bcrypt.dll
0x00007ffe6a2b0000 - 0x00007ffe6a2de000 	C:\WINDOWS\SYSTEM32\USERENV.dll
0x00007ffe69dc0000 - 0x00007ffe69dcc000 	C:\WINDOWS\SYSTEM32\CRYPTBASE.dll
0x00007ffe69870000 - 0x00007ffe698ab000 	C:\WINDOWS\SYSTEM32\IPHLPAPI.DLL
0x00007ffe6b4e0000 - 0x00007ffe6b4e8000 	C:\WINDOWS\System32\NSI.dll
0x00007ffe689c0000 - 0x00007ffe689d7000 	C:\WINDOWS\SYSTEM32\dhcpcsvc6.DLL
0x00007ffe689a0000 - 0x00007ffe689bd000 	C:\WINDOWS\SYSTEM32\dhcpcsvc.DLL
0x00007ffe698b0000 - 0x00007ffe6997c000 	C:\WINDOWS\SYSTEM32\DNSAPI.dll
0x00007ffe63650000 - 0x00007ffe6365a000 	C:\Users\sinaf\AppData\Local\Temp\jansi-1.17.1-12197546007534395822.dll

dbghelp: loaded successfully - version: 4.0.5 - missing functions: none
symbol engine: initialized successfully - sym options: 0x614 - pdb path: .;C:\Program Files\Java\jdk-11.0.10\bin;C:\WINDOWS\SYSTEM32;C:\WINDOWS\WinSxS\amd64_microsoft.windows.common-controls_6595b64144ccf1df_6.0.19041.844_none_ca00b6081b84eb1d;C:\Program Files\Java\jdk-11.0.10\bin\server;C:\Users\sinaf\AppData\Local\Temp

VM Arguments:
jvm_args: -Dmaven.home=C:/Users/sinaf/challenges -Dmaven.multiModuleProjectDirectory=C:/Users/sinaf/challenges/java-starship-spring-marathon 
java_command: org.apache.maven.wrapper.MavenWrapperMain spring-boot:run
java_class_path (initial): C:/Users/sinaf/challenges/java-starship-spring-marathon/.mvn/wrapper/maven-wrapper.jar
Launcher Type: SUN_STANDARD

[Global flags]
     intx CICompilerCount                          = 3                                         {product} {ergonomic}
     uint ConcGCThreads                            = 1                                         {product} {ergonomic}
     uint G1ConcRefinementThreads                  = 4                                         {product} {ergonomic}
   size_t G1HeapRegionSize                         = 1048576                                   {product} {ergonomic}
    uintx GCDrainStackTargetSize                   = 64                                        {product} {ergonomic}
   size_t InitialHeapSize                          = 132120576                                 {product} {ergonomic}
   size_t MarkStackSize                            = 4194304                                   {product} {ergonomic}
   size_t MaxHeapSize                              = 2084569088                                {product} {ergonomic}
   size_t MaxNewSize                               = 1249902592                                {product} {ergonomic}
   size_t MinHeapDeltaBytes                        = 1048576                                   {product} {ergonomic}
    uintx NonNMethodCodeHeapSize                   = 5830732                                {pd product} {ergonomic}
    uintx NonProfiledCodeHeapSize                  = 122913754                              {pd product} {ergonomic}
    uintx ProfiledCodeHeapSize                     = 122913754                              {pd product} {ergonomic}
    uintx ReservedCodeCacheSize                    = 251658240                              {pd product} {ergonomic}
     bool SegmentedCodeCache                       = true                                      {product} {ergonomic}
     bool UseCompressedClassPointers               = true                                 {lp64_product} {ergonomic}
     bool UseCompressedOops                        = true                                 {lp64_product} {ergonomic}
     bool UseG1GC                                  = true                                      {product} {ergonomic}
     bool UseLargePagesIndividualAllocation        = false                                  {pd product} {ergonomic}

Logging:
Log output configuration:
 #0: stdout all=warning uptime,level,tags
 #1: stderr all=off uptime,level,tags

Environment Variables:
JAVA_HOME=
PATH=C:\Users\sinaf\bin;C:\Program Files\Git\mingw64\bin;C:\Program Files\Git\usr\local\bin;C:\Program Files\Git\usr\bin;C:\Program Files\Git\usr\bin;C:\Program Files\Git\mingw64\bin;C:\Program Files\Git\usr\bin;C:\Users\sinaf\bin;C:\Program Files\Common Files\Oracle\Java\javapath;C:\Python39\Scripts;C:\Python39;C:\Program Files\Microsoft MPI\Bin;C:\WINDOWS\system32;C:\WINDOWS;C:\WINDOWS\System32\Wbem;C:\WINDOWS\System32\WindowsPowerShell\v1.0;C:\WINDOWS\System32\OpenSSH;C:\Program Files\Microsoft SQL Server\Client SDK\ODBC\170\Tools\Binn;C:\Program Files (x86)\Microsoft SQL Server\150\Tools\Binn;C:\Program Files\Microsoft SQL Server\150\Tools\Binn;C:\Program Files\Microsoft SQL Server\150\DTS\Binn;C:\Program Files (x86)\Microsoft SQL Server\150\DTS\Binn;C:\Program Files\dotnet;C:\Program Files\Microsoft SQL Server\130\Tools\Binn;C:\Program Files\Git\cmd;C:\Program Files\Git\mingw64\bin;C:\Program Files\Git\usr\bin;C:\Program Files (x86)\Yarn\bin;C:\Program Files (x86)\dotnet;C:\Program Files\nodejs;C:\ProgramData\chocolatey\bin;C:\Program Files\JetBrains\IntelliJ IDEA Community Edition 2020.3.3\bin;C:\Program Files\Java\jdk-11.0.10\bin;C:\Users\sinaf\AppData\Local\Microsoft\WindowsApps;C:\Users\sinaf\AppData\Local\Programs\Microsoft VS Code\bin;C:\Users\sinaf\AppData\Local\Yarn\bin;C:\Users\sinaf\AppData\Roaming\npm;C:\Users\sinaf\AppData\Local\GitHubDesktop\bin;C:\Program Files\PostgreSQL\12\bin;C:\Program Files\Git\usr\bin\vendor_perl;C:\Program Files\Git\usr\bin\core_perl
USERNAME=sinaf
SHELL=C:\Program Files\Git\usr\bin\bash.exe
DISPLAY=needs-to-be-defined
OS=Windows_NT
PROCESSOR_IDENTIFIER=Intel64 Family 6 Model 126 Stepping 5, GenuineIntel



---------------  S Y S T E M  ---------------

OS: Windows 10 , 64 bit Build 19041 (10.0.19041.928)

CPU:total 4 (initial active 4) (2 cores per cpu, 2 threads per core) family 6 model 126 stepping 5 microcode 0xa0, cmov, cx8, fxsr, mmx, sse, sse2, sse3, ssse3, sse4.1, sse4.2, popcnt, avx, avx2, aes, clmul, erms, 3dnowpref, lzcnt, ht, tsc, tscinvbit, bmi1, bmi2, adx, evex, sha, fma

Memory: 4k page, system-wide physical 7946M (1245M free)
TotalPageFile size 18008M (AvailPageFile size 3570M)
current process WorkingSet (physical memory assigned to process): 227M, peak: 227M
current process commit charge ("private bytes"): 280M, peak: 280M

vm_info: Java HotSpot(TM) 64-Bit Server VM (11.0.10+8-LTS-162) for windows-amd64 JRE (11.0.10+8-LTS-162), built on Dec  8 2020 16:32:57 by "mach5one" with MS VC++ 15.9 (VS2017)

END.
